ratio = 1.0
Exp 1 / 64
Exp 9 / 64
Exp 2 / 64
Exp 10 / 64
Exp 8 / 64
Exp 11 / 64
Exp 7 / 64
Exp 12 / 64
Exp 6 / 64
Exp 13 / 64
Exp 5 / 64
Exp 14 / 64
Exp 4 / 64
Exp 15 / 64
Exp 3 / 64
Exp 16 / 64
Exp 17 / 64
Exp 18 / 64
Exp 19 / 64
Exp 20 / 64
Exp 21 / 64
Exp 22 / 64
Exp 23 / 64
Exp 24 / 64
Exp 25 / 64
Exp 26 / 64
Exp 27 / 64
Exp 28 / 64
Exp 29 / 64
Exp 30 / 64
Exp 31 / 64
Exp 32 / 64
Exp 33 / 64
Exp 34 / 64
Exp 35 / 64
Exp 36 / 64
Exp 37 / 64
Exp 38 / 64
Exp 39 / 64
Exp 40 / 64
Exp 41 / 64
Exp 42 / 64
Exp 43 / 64
Exp 44 / 64
Exp 45 / 64
Exp 46 / 64
Exp 47 / 64
Exp 48 / 64
Exp 49 / 64
Exp 50 / 64
Exp 51 / 64
Exp 52 / 64
Exp 53 / 64
Exp 54 / 64
Exp 55 / 64
Exp 56 / 64
Exp 57 / 64
Exp 58 / 64
Exp 59 / 64
Exp 60 / 64
Exp 61 / 64
Exp 62 / 64
Exp 63 / 64
Exp 64 / 64
ratio = 1.1
Exp 1 / 64
Exp 2 / 64
Exp 3 / 64
Exp 4 / 64
Exp 5 / 64
Exp 6 / 64
Exp 7 / 64
Exp 8 / 64
Exp 10 / 64
Exp 11 / 64
Exp 12 / 64
Exp 13 / 64
Exp 15 / 64
Exp 17 / 64
Exp 18 / 64
Exp 19 / 64
Exp 20 / 64
Exp 16 / 64
Exp 14 / 64
Exp 21 / 64
Exp 23 / 64
Exp 24 / 64
Exp 22 / 64
Exp 25 / 64
Exp 26 / 64
Exp 27 / 64
Exp 28 / 64
Exp 29 / 64
Exp 30 / 64
Exp 31 / 64
Exp 9 / 64
Exp 32 / 64
Exp 33 / 64
Exp 34 / 64
Exp 35 / 64
Exp 37 / 64
Exp 38 / 64
Exp 36 / 64
Exp 39 / 64
Exp 40 / 64
Exp 41 / 64
Exp 42 / 64
Exp 43 / 64
Exp 44 / 64
Exp 45 / 64
Exp 46 / 64
Exp 47 / 64
Exp 48 / 64
Exp 49 / 64
Exp 50 / 64
Exp 51 / 64
Exp 52 / 64
Exp 53 / 64
Exp 54 / 64
Exp 55 / 64
Exp 56 / 64
Exp 57 / 64
Exp 58 / 64
Exp 59 / 64
Exp 61 / 64
Exp 62 / 64
Exp 63 / 64
Exp 64 / 64
Exp 60 / 64
ratio = 1.2000000000000002
Exp 2 / 64
Exp 3 / 64
Exp 4 / 64
Exp 7 / 64
Exp 8 / 64
Exp 9 / 64
Exp 10 / 64
Exp 12 / 64
Exp 13 / 64
Exp 14 / 64
Exp 15 / 64
Exp 16 / 64
Exp 18 / 64
Exp 19 / 64
Exp 20 / 64
Exp 21 / 64
Exp 22 / 64
Exp 23 / 64
Exp 6 / 64
Exp 24 / 64
Exp 25 / 64
Exp 26 / 64
Exp 5 / 64
Exp 27 / 64
Exp 28 / 64
Exp 29 / 64
Exp 30 / 64
Exp 31 / 64
Exp 32 / 64
Exp 33 / 64
Exp 35 / 64
Exp 36 / 64
Exp 37 / 64
Exp 38 / 64
Exp 39 / 64
Exp 40 / 64
Exp 41 / 64
Exp 42 / 64
Exp 43 / 64
Exp 44 / 64
Exp 45 / 64
Exp 46 / 64
Exp 17 / 64
Exp 11 / 64
Exp 34 / 64
Exp 1 / 64
Exp 47 / 64
Exp 49 / 64
Exp 48 / 64
Exp 50 / 64
Exp 51 / 64
Exp 52 / 64
Exp 53 / 64
Exp 54 / 64
Exp 55 / 64
Exp 56 / 64
Exp 57 / 64
Exp 58 / 64
Exp 59 / 64
Exp 60 / 64
Exp 61 / 64
Exp 63 / 64
Exp 64 / 64
Exp 62 / 64
ratio = 1.3000000000000003
Exp 1 / 64
Exp 2 / 64
Exp 3 / 64
Exp 4 / 64
Exp 6 / 64
Exp 9 / 64
Exp 10 / 64
Exp 11 / 64
Exp 12 / 64
Exp 13 / 64
Exp 14 / 64
Exp 5 / 64
Exp 7 / 64
Exp 15 / 64
Exp 16 / 64
Exp 8 / 64
Exp 17 / 64
Exp 18 / 64
Exp 19 / 64
Exp 20 / 64
Exp 21 / 64
Exp 22 / 64
Exp 25 / 64
Exp 26 / 64
Exp 23 / 64
Exp 27 / 64
Exp 24 / 64
Exp 28 / 64
Exp 29 / 64
Exp 30 / 64
Exp 31 / 64
Exp 32 / 64
Exp 33 / 64
Exp 35 / 64
Exp 36 / 64
Exp 37 / 64
Exp 38 / 64
Exp 39 / 64
Exp 40 / 64
Exp 41 / 64
Exp 42 / 64
Exp 43 / 64
Exp 44 / 64
Exp 45 / 64
Exp 46 / 64
Exp 47 / 64
Exp 48 / 64
Exp 49 / 64
Exp 50 / 64
Exp 51 / 64
Exp 52 / 64
Exp 53 / 64
Exp 54 / 64
Exp 55 / 64
Exp 56 / 64
Exp 57 / 64
Exp 58 / 64
Exp 59 / 64
Exp 60 / 64
Exp 61 / 64
Exp 62 / 64
Exp 63 / 64
Exp 34 / 64
Exp 64 / 64
ratio = 1.4000000000000004
Exp 1 / 64
Exp 2 / 64
Exp 4 / 64
Exp 6 / 64
Exp 8 / 64
Exp 10 / 64
Exp 11 / 64
Exp 12 / 64
Exp 13 / 64
Exp 14 / 64
Exp 15 / 64
Exp 16 / 64
Exp 17 / 64
Exp 18 / 64
Exp 19 / 64
Exp 20 / 64
Exp 21 / 64
Exp 3 / 64
Exp 22 / 64
Exp 23 / 64
Exp 9 / 64
Exp 5 / 64
Exp 7 / 64
Exp 24 / 64
Exp 25 / 64
Exp 26 / 64
Exp 27 / 64
Exp 28 / 64
Exp 29 / 64
Exp 36 / 64
Exp 37 / 64
Exp 38 / 64
Exp 30 / 64
Exp 35 / 64
Exp 34 / 64
Exp 33 / 64
Exp 39 / 64
Exp 32 / 64
Exp 40 / 64
Exp 31 / 64
Exp 41 / 64
Exp 42 / 64
Exp 43 / 64
Exp 44 / 64
Exp 45 / 64
Exp 58 / 64
Exp 57 / 64
Exp 56 / 64
Exp 59 / 64
Exp 55 / 64
Exp 54 / 64
Exp 60 / 64
Exp 61 / 64
Exp 53 / 64
Exp 62 / 64
Exp 52 / 64
Exp 51 / 64
Exp 63 / 64
Exp 64 / 64
Exp 50 / 64
Exp 49 / 64
Exp 48 / 64
Exp 47 / 64
Exp 46 / 64
ratio = 1.5000000000000004
Exp 1 / 64
Exp 3 / 64
Exp 4 / 64
Exp 5 / 64
Exp 10 / 64
Exp 7 / 64
Exp 11 / 64
Exp 14 / 64
Exp 15 / 64
Exp 16 / 64
Exp 9 / 64
Exp 6 / 64
Exp 8 / 64
Exp 13 / 64
Exp 12 / 64
Exp 17 / 64
Exp 18 / 64
Exp 19 / 64
Exp 20 / 64
Exp 21 / 64
Exp 22 / 64
Exp 2 / 64
Exp 23 / 64
Exp 24 / 64
Exp 25 / 64
Exp 26 / 64
Exp 27 / 64
Exp 28 / 64
Exp 29 / 64
Exp 30 / 64
Exp 31 / 64
Exp 32 / 64
Exp 33 / 64
Exp 34 / 64
Exp 35 / 64
Exp 36 / 64
Exp 37 / 64
Exp 38 / 64
Exp 39 / 64
Exp 40 / 64
Exp 41 / 64
Exp 42 / 64
Exp 43 / 64
Exp 44 / 64
Exp 45 / 64
Exp 46 / 64
Exp 48 / 64
Exp 49 / 64
Exp 47 / 64
Exp 50 / 64
Exp 51 / 64
Exp 52 / 64
Exp 53 / 64
Exp 54 / 64
Exp 55 / 64
Exp 56 / 64
Exp 57 / 64
Exp 58 / 64
JxHK execMaxKSCC: 32434
Exp 59 / 64
Exp 60 / 64
7p4W execMaxKSCC: 53281
Exp 61 / 64
Exp 62 / 64
Exp 63 / 64
s8EU execMaxKSCC: 57410
Exp 64 / 64
vzaA execMaxKSCC: 63698
yiz8 execMaxKSCC: 66586
Jy0n execMaxKSCC: 68147
nOio execMaxKSCC: 68979
VPxh execMaxKSCC: 71059
x4MB execMaxKSCC: 75948
2iIC execMaxKSCC: 76108
neiw execMaxKSCC: 78852
QN1v execMaxKSCC: 80632
lQ7t execMaxKSCC: 84873
RNP7 execMaxKSCC: 58672
TtAI execMaxKSCC: 91923
auRU execMaxKSCC: 93329
J2jL execMaxKSCC: 97223
0r37 execMaxKSCC: 65635
ratio = 1.6000000000000005
Exp 2 / 64
Exp 3 / 64
Exp 4 / 64
Exp 5 / 64
Exp 6 / 64
Exp 7 / 64
Exp 8 / 64
Exp 15 / 64
Exp 16 / 64
Exp 1 / 64
Exp 14 / 64
Exp 12 / 64
Exp 13 / 64
Exp 10 / 64
Exp 11 / 64
Exp 9 / 64
Exp 17 / 64
Exp 18 / 64
Exp 19 / 64
Exp 20 / 64
Exp 21 / 64
Exp 22 / 64
SQE4 execMaxKSCC: 29331
Exp 23 / 64
Exp 24 / 64
6PHF execMaxKSCC: 38251
Exp 25 / 64
YW02 execMaxKSCC: 53694
Exp 26 / 64
1Q79 execMaxKSCC: 75441
Exp 27 / 64
Exp 28 / 64
DMAz execMaxKSCC: 77111
Exp 29 / 64
Exp 30 / 64
UgkY execMaxKSCC: 81179
Exp 31 / 64
KALK execMaxKSCC: 83981
Exp 32 / 64
vKdt execMaxKSCC: 90821
Exp 33 / 64
uoDy execMaxKSCC: 93880
Exp 34 / 64
XisD execMaxKSCC: 58813
Exp 35 / 64
Exp 36 / 64
nvrk execMaxKSCC: 99141
Exp 37 / 64
Wnlu execMaxKSCC: 99431
Exp 38 / 64
zMBD execMaxKSCC: 102285
Exp 39 / 64
BSUT execMaxKSCC: 103645
Exp 40 / 64
iwHK execMaxKSCC: 104911
Exp 41 / 64
Exp 42 / 64
Exp 43 / 64
Exp 44 / 64
zrnW execMaxKSCC: 116097
Exp 45 / 64
RhPt execMaxKSCC: 116759
Exp 46 / 64
Exp 47 / 64
Vsya execMaxKSCC: 88685
Exp 48 / 64
Iutt execMaxKSCC: 47711
Exp 49 / 64
VYBX execMaxKSCC: 53552
Exp 50 / 64
02uN execMaxKSCC: 78359
Exp 51 / 64
Exp 52 / 64
an4H execMaxKSCC: 72737
Exp 53 / 64
OPN7 execMaxKSCC: 58964
Exp 54 / 64
vp0c execMaxKSCC: 97292
Exp 55 / 64
vBVZ execMaxKSCC: 87684
Exp 56 / 64
Usy4 execMaxKSCC: 40749
Exp 57 / 64
5avD execMaxKSCC: 107508
Exp 58 / 64
DiEJ execMaxKSCC: 103410
Exp 59 / 64
Lug2 execMaxKSCC: 89251
Exp 60 / 64
SlzF execMaxKSCC: 78952
Exp 61 / 64
xsmZ execMaxKSCC: 114308
Exp 62 / 64
hN4e execMaxKSCC: 103514
Exp 63 / 64
WcOR execMaxKSCC: 111473
Exp 64 / 64
5evQ execMaxKSCC: 112998
opFt execMaxKSCC: 93842
SasW execMaxKSCC: 105182
aWv1 execMaxKSCC: 117439
7I3V execMaxKSCC: 78297
jvdx execMaxKSCC: 104757
S39H execMaxKSCC: 72991
otqE execMaxKSCC: 61794
zqTm execMaxKSCC: 71074
6ekr execMaxKSCC: 82719
1jFn execMaxKSCC: 83209
PX7n execMaxKSCC: 94964
FJWF execMaxKSCC: 82907
jwIu execMaxKSCC: 84838
FBRd execMaxKSCC: 84670
b5Kq execMaxKSCC: 89708
ratio = 1.7000000000000006
Exp 1 / 64
Exp 2 / 64
Exp 3 / 64
Exp 5 / 64
Exp 6 / 64
Exp 7 / 64
Exp 8 / 64
Exp 9 / 64
Exp 10 / 64
Exp 11 / 64
Exp 4 / 64
Exp 12 / 64
Exp 13 / 64
Exp 14 / 64
Exp 15 / 64
Exp 16 / 64
e2NE execMaxKSCC: 80278
Exp 17 / 64
CV9R execMaxKSCC: 80427
Exp 18 / 64
AvNi execMaxKSCC: 83664
Exp 19 / 64
oI52 execMaxKSCC: 87051
Exp 20 / 64
DqCH execMaxKSCC: 93028
Exp 21 / 64
h5Y0 execMaxKSCC: 94080
Exp 22 / 64
nE8b execMaxKSCC: 94824
Exp 23 / 64
Exp 24 / 64
hz5R execMaxKSCC: 102990
Exp 25 / 64
m43m execMaxKSCC: 104446
Exp 26 / 64
Ry9D execMaxKSCC: 104513
Exp 27 / 64
Exp 28 / 64
cE6j execMaxKSCC: 105345
Exp 29 / 64
VhSF execMaxKSCC: 108927
Exp 30 / 64
l9Nt execMaxKSCC: 109188
Exp 31 / 64
fRSu execMaxKSCC: 117587
Exp 32 / 64
CbrL execMaxKSCC: 119134
Exp 33 / 64
luAQ execMaxKSCC: 119294
Exp 34 / 64
4yqY execMaxKSCC: 83921
Exp 35 / 64
Ei8J execMaxKSCC: 80455
Exp 36 / 64
gUYb execMaxKSCC: 96585
Exp 37 / 64
auzb execMaxKSCC: 74565
Exp 38 / 64
hxwJ execMaxKSCC: 64915
Exp 39 / 64
q1ko execMaxKSCC: 76302
Exp 40 / 64
bsOL execMaxKSCC: 70708
Exp 41 / 64
DXVi execMaxKSCC: 117623
Exp 42 / 64
5bj5 execMaxKSCC: 95572
Exp 43 / 64
ubbe execMaxKSCC: 117228
Exp 44 / 64
tTHk execMaxKSCC: 96227
Exp 45 / 64
ei5D execMaxKSCC: 115969
Exp 46 / 64
unCR execMaxKSCC: 116396
Exp 47 / 64
LxnZ execMaxKSCC: 108098
Exp 48 / 64
6bTG execMaxKSCC: 111324
Exp 49 / 64
uuxq execMaxKSCC: 103237
Exp 50 / 64
Ehf7 execMaxKSCC: 75866
Exp 51 / 64
w8ur execMaxKSCC: 60829
Exp 52 / 64
25Rq execMaxKSCC: 88059
Exp 53 / 64
4stP execMaxKSCC: 102894
Exp 54 / 64
U7HT execMaxKSCC: 114861
Exp 55 / 64
zrZO execMaxKSCC: 108253
Exp 56 / 64
Y1Hz execMaxKSCC: 116577
Exp 57 / 64
yF2E execMaxKSCC: 112378
Exp 58 / 64
59NT execMaxKSCC: 103345
Exp 59 / 64
CqhO execMaxKSCC: 108886
Exp 60 / 64
zUDR execMaxKSCC: 106148
Exp 61 / 64
Brl8 execMaxKSCC: 101056
Exp 62 / 64
6kmP execMaxKSCC: 106872
Exp 63 / 64
Z7TY execMaxKSCC: 81584
Exp 64 / 64
W7Oh execMaxKSCC: 122069
9ZEF execMaxKSCC: 113621
rn6m execMaxKSCC: 122774
bieE execMaxKSCC: 100971
c63T execMaxKSCC: 104277
6t6F execMaxKSCC: 82387
FLlu execMaxKSCC: 107426
9SPm execMaxKSCC: 92434
MOX7 execMaxKSCC: 106025
TD5V execMaxKSCC: 102810
axLc execMaxKSCC: 116419
DyTJ execMaxKSCC: 110661
rEEU execMaxKSCC: 90979
6DXn execMaxKSCC: 81033
T5kz execMaxKSCC: 111094
h4iE execMaxKSCC: 105860
ratio = 1.8000000000000007
Exp 1 / 64
Exp 2 / 64
Exp 3 / 64
Exp 4 / 64
Exp 5 / 64
Exp 7 / 64
Exp 8 / 64
Exp 9 / 64
Exp 12 / 64
Exp 6 / 64
Exp 15 / 64
Exp 14 / 64
Exp 13 / 64
Exp 11 / 64
Exp 10 / 64
Exp 16 / 64
NLbR execMaxKSCC: 85150
Exp 17 / 64
ybFf execMaxKSCC: 86721
Exp 18 / 64
zfs7 execMaxKSCC: 102271
Exp 19 / 64
acoK execMaxKSCC: 103597
Exp 20 / 64
NuFN execMaxKSCC: 104189
Exp 21 / 64
xMZ7 execMaxKSCC: 104890
Exp 22 / 64
6tSF execMaxKSCC: 105352
Exp 23 / 64
lqoW execMaxKSCC: 110881
Exp 24 / 64
ZNx1 execMaxKSCC: 111086
Exp 25 / 64
syQU execMaxKSCC: 113363
Exp 26 / 64
SmhC execMaxKSCC: 113534
Exp 27 / 64
CpL1 execMaxKSCC: 115774
Exp 28 / 64
u9qW execMaxKSCC: 117465
Exp 29 / 64
4TED execMaxKSCC: 117582
Exp 30 / 64
jvQS execMaxKSCC: 119392
Exp 31 / 64
DGcK execMaxKSCC: 119861
Exp 32 / 64
yTCF execMaxKSCC: 70758
Exp 33 / 64
D0QF execMaxKSCC: 82679
Exp 34 / 64
46Ya execMaxKSCC: 114101
Exp 35 / 64
JJbz execMaxKSCC: 114989
Exp 36 / 64
4tmU execMaxKSCC: 91213
Exp 37 / 64
mFaa execMaxKSCC: 100043
Exp 38 / 64
GFrr execMaxKSCC: 112359
Exp 39 / 64
h9tM execMaxKSCC: 98603
Exp 40 / 64
jHMd execMaxKSCC: 114122
Exp 41 / 64
bY40 execMaxKSCC: 101247
Exp 42 / 64
iRMt execMaxKSCC: 115661
Exp 43 / 64
tRIq execMaxKSCC: 103878
Exp 44 / 64
AWPq execMaxKSCC: 112399
Exp 45 / 64
hOI3 execMaxKSCC: 110055
Exp 46 / 64
3BX9 execMaxKSCC: 108996
Exp 47 / 64
qys3 execMaxKSCC: 116885
Exp 48 / 64
FwMb execMaxKSCC: 87769
Exp 49 / 64
PVB5 execMaxKSCC: 109104
Exp 50 / 64
swl9 execMaxKSCC: 86890
Exp 51 / 64
qumM execMaxKSCC: 100494
Exp 52 / 64
8jF8 execMaxKSCC: 103894
Exp 53 / 64
4m1B execMaxKSCC: 82793
Exp 54 / 64
f2Iz execMaxKSCC: 94070
Exp 55 / 64
nldg execMaxKSCC: 109846
Exp 56 / 64
Of8X execMaxKSCC: 96216
Exp 57 / 64
e5PF execMaxKSCC: 93929
Exp 58 / 64
EI0C execMaxKSCC: 101974
Exp 59 / 64
PHic execMaxKSCC: 108155
Exp 60 / 64
MHZK execMaxKSCC: 110272
Exp 61 / 64
VKt6 execMaxKSCC: 111394
Exp 62 / 64
lvKM execMaxKSCC: 113442
Exp 63 / 64
0mNy execMaxKSCC: 109147
Exp 64 / 64
npac execMaxKSCC: 102850
mYW5 execMaxKSCC: 100607
wKQc execMaxKSCC: 112635
aC7p execMaxKSCC: 104477
8EHu execMaxKSCC: 97275
EIzM execMaxKSCC: 106390
nYiB execMaxKSCC: 98650
GDBb execMaxKSCC: 101647
DlJ9 execMaxKSCC: 88783
IUDL execMaxKSCC: 100379
1l5a execMaxKSCC: 98158
syhh execMaxKSCC: 97673
UMjA execMaxKSCC: 99727
YVxj execMaxKSCC: 104759
98tS execMaxKSCC: 103512
JvZR execMaxKSCC: 102068
ratio = 1.0
Exp 1 / 64
Exp 2 / 64
Exp 3 / 64
Exp 4 / 64
Exp 7 / 64
Exp 5 / 64
Exp 8 / 64
Exp 9 / 64
Exp 11 / 64
Exp 13 / 64
Exp 14 / 64
Exp 15 / 64
Exp 6 / 64
Exp 12 / 64
Exp 10 / 64
Exp 16 / 64
Exp 17 / 64
Exp 18 / 64
Exp 19 / 64
Exp 20 / 64
Exp 21 / 64
Exp 22 / 64
Exp 23 / 64
Exp 24 / 64
Exp 25 / 64
Exp 26 / 64
Exp 27 / 64
Exp 28 / 64
Exp 29 / 64
Exp 30 / 64
Exp 31 / 64
Exp 32 / 64
Exp 33 / 64
Exp 34 / 64
Exp 35 / 64
Exp 36 / 64
Exp 37 / 64
Exp 38 / 64
Exp 39 / 64
Exp 40 / 64
Exp 41 / 64
Exp 42 / 64
Exp 43 / 64
Exp 44 / 64
Exp 45 / 64
Exp 46 / 64
Exp 47 / 64
Exp 48 / 64
Exp 49 / 64
Exp 50 / 64
Exp 51 / 64
Exp 52 / 64
Exp 53 / 64
Exp 54 / 64
Exp 55 / 64
Exp 56 / 64
Exp 57 / 64
Exp 58 / 64
Exp 59 / 64
Exp 60 / 64
Exp 61 / 64
Exp 62 / 64
Exp 63 / 64
Exp 64 / 64
ratio = 1.1
Exp 2 / 64
Exp 4 / 64
Exp 5 / 64
Exp 1 / 64
Exp 7 / 64
Exp 8 / 64
Exp 9 / 64
Exp 10 / 64
Exp 11 / 64
Exp 12 / 64
Exp 13 / 64
Exp 14 / 64
Exp 15 / 64
Exp 16 / 64
Exp 17 / 64
Exp 18 / 64
Exp 19 / 64
Exp 20 / 64
Exp 21 / 64
Exp 22 / 64
Exp 23 / 64
Exp 24 / 64
Exp 25 / 64
Exp 26 / 64
Exp 3 / 64
Exp 27 / 64
Exp 28 / 64
Exp 29 / 64
Exp 30 / 64
Exp 31 / 64
Exp 32 / 64
Exp 33 / 64
Exp 6 / 64
Exp 34 / 64
Exp 35 / 64
Exp 36 / 64
Exp 37 / 64
Exp 38 / 64
Exp 39 / 64
Exp 40 / 64
Exp 41 / 64
Exp 42 / 64
Exp 43 / 64
Exp 44 / 64
Exp 45 / 64
Exp 46 / 64
Exp 47 / 64
Exp 48 / 64
Exp 49 / 64
Exp 50 / 64
Exp 51 / 64
Exp 52 / 64
Exp 53 / 64
Exp 54 / 64
Exp 55 / 64
Exp 56 / 64
Exp 57 / 64
Exp 58 / 64
Exp 59 / 64
Exp 60 / 64
Exp 61 / 64
Exp 62 / 64
Exp 63 / 64
Exp 64 / 64
ratio = 1.2000000000000002
Exp 1 / 64
Exp 2 / 64
Exp 7 / 64
Exp 3 / 64
Exp 8 / 64
Exp 9 / 64
Exp 10 / 64
Exp 11 / 64
Exp 12 / 64
Exp 13 / 64
Exp 15 / 64
Exp 16 / 64
Exp 17 / 64
Exp 18 / 64
Exp 19 / 64
Exp 20 / 64
Exp 4 / 64
Exp 14 / 64
Exp 21 / 64
Exp 6 / 64
Exp 22 / 64
Exp 23 / 64
Exp 24 / 64
Exp 25 / 64
Exp 5 / 64
Exp 26 / 64
Exp 27 / 64
Exp 28 / 64
Exp 29 / 64
Exp 30 / 64
Exp 31 / 64
Exp 32 / 64
Exp 33 / 64
Exp 34 / 64
Exp 35 / 64
Exp 36 / 64
Exp 37 / 64
Exp 38 / 64
Exp 39 / 64
Exp 40 / 64
Exp 41 / 64
Exp 42 / 64
Exp 43 / 64
Exp 44 / 64
Exp 45 / 64
Exp 46 / 64
Exp 47 / 64
Exp 48 / 64
Exp 49 / 64
Exp 50 / 64
Exp 51 / 64
Exp 52 / 64
Exp 53 / 64
Exp 54 / 64
Exp 55 / 64
Exp 56 / 64
Exp 57 / 64
Exp 58 / 64
Exp 59 / 64
Exp 60 / 64
Exp 61 / 64
Exp 62 / 64
Exp 63 / 64
Exp 64 / 64
ratio = 1.3000000000000003
Exp 1 / 64
Exp 2 / 64
Exp 4 / 64
Exp 6 / 64
Exp 3 / 64
Exp 7 / 64
Exp 8 / 64
Exp 9 / 64
Exp 10 / 64
Exp 11 / 64
Exp 12 / 64
Exp 13 / 64
Exp 14 / 64
Exp 5 / 64
Exp 24 / 64
Exp 23 / 64
Exp 22 / 64
Exp 21 / 64
Exp 20 / 64
Exp 25 / 64
Exp 19 / 64
Exp 18 / 64
Exp 17 / 64
Exp 26 / 64
Exp 15 / 64
Exp 16 / 64
Exp 27 / 64
Exp 28 / 64
Exp 29 / 64
Exp 30 / 64
Exp 31 / 64
Exp 32 / 64
Exp 33 / 64
Exp 34 / 64
Exp 35 / 64
Exp 36 / 64
Exp 37 / 64
Exp 38 / 64
Exp 39 / 64
Exp 40 / 64
Exp 41 / 64
Exp 42 / 64
Exp 43 / 64
Exp 44 / 64
Exp 45 / 64
Exp 46 / 64
Exp 47 / 64
Exp 48 / 64
Exp 49 / 64
Exp 50 / 64
Exp 51 / 64
Exp 52 / 64
Exp 53 / 64
Exp 54 / 64
Exp 55 / 64
Exp 56 / 64
Exp 57 / 64
Exp 58 / 64
Exp 59 / 64
Exp 60 / 64
Exp 61 / 64
Exp 62 / 64
Exp 63 / 64
Exp 64 / 64
5hzH execMaxKSCC: 26593
nkf1 execMaxKSCC: 42087
wkEi execMaxKSCC: 44864
nrXX execMaxKSCC: 48564
F8a7 execMaxKSCC: 52529
ratio = 1.4000000000000004
Exp 1 / 64
Exp 2 / 64
Exp 3 / 64
Exp 4 / 64
Exp 5 / 64
Exp 7 / 64
Exp 9 / 64
Exp 6 / 64
Exp 10 / 64
Exp 8 / 64
Exp 11 / 64
Exp 12 / 64
Exp 13 / 64
Exp 14 / 64
Exp 15 / 64
Exp 16 / 64
xRHf execMaxKSCC: 37452
Exp 17 / 64
lOEX execMaxKSCC: 42976
Exp 18 / 64
K4rk execMaxKSCC: 43034
Exp 19 / 64
Exp 20 / 64
NPvV execMaxKSCC: 45119
Exp 21 / 64
Exp 22 / 64
ckWf execMaxKSCC: 46049
Exp 23 / 64
MvoZ execMaxKSCC: 46307
Exp 24 / 64
8Ndt execMaxKSCC: 49782
Exp 25 / 64
kHTV execMaxKSCC: 52024
Exp 26 / 64
2CgT execMaxKSCC: 56704
Exp 27 / 64
1Crb execMaxKSCC: 58954
Exp 28 / 64
x4sm execMaxKSCC: 61728
Exp 29 / 64
nekN execMaxKSCC: 63121
Exp 30 / 64
I8JB execMaxKSCC: 64060
Exp 31 / 64
iolZ execMaxKSCC: 64400
Exp 32 / 64
ZwHL execMaxKSCC: 64848
Exp 33 / 64
eUXM execMaxKSCC: 66707
Exp 34 / 64
Y0Di execMaxKSCC: 49497
Exp 35 / 64
u2Zn execMaxKSCC: 54184
Exp 36 / 64
8V1M execMaxKSCC: 51724
Exp 37 / 64
I6Z8 execMaxKSCC: 61753
Exp 38 / 64
Exp 39 / 64
Wiyc execMaxKSCC: 59847
Exp 40 / 64
9TnV execMaxKSCC: 55190
Exp 41 / 64
i65R execMaxKSCC: 59937
Exp 42 / 64
2p7B execMaxKSCC: 64302
Exp 43 / 64
Lp7Y execMaxKSCC: 46099
Exp 44 / 64
Bsri execMaxKSCC: 53266
Exp 45 / 64
B3Md execMaxKSCC: 63259
Exp 46 / 64
Exp 47 / 64
Exp 48 / 64
wcrT execMaxKSCC: 58598
Exp 49 / 64
Exp 50 / 64
2CnV execMaxKSCC: 63134
Exp 51 / 64
Usju execMaxKSCC: 61501
Exp 52 / 64
7q6r execMaxKSCC: 63535
Exp 53 / 64
7md7 execMaxKSCC: 68323
Exp 54 / 64
jy0o execMaxKSCC: 43633
Exp 55 / 64
0toh execMaxKSCC: 45195
Exp 56 / 64
ZluM execMaxKSCC: 43854
Exp 57 / 64
H8lA execMaxKSCC: 56655
Exp 58 / 64
53Rs execMaxKSCC: 60703
Exp 59 / 64
6ZD5 execMaxKSCC: 43729
Exp 60 / 64
rD7b execMaxKSCC: 63727
Exp 61 / 64
Q38z execMaxKSCC: 60089
Exp 62 / 64
3Kmf execMaxKSCC: 59733
Exp 63 / 64
E6qd execMaxKSCC: 51523
Exp 64 / 64
BFPj execMaxKSCC: 55702
xwLO execMaxKSCC: 52598
AagH execMaxKSCC: 60225
vo7O execMaxKSCC: 59445
iyJA execMaxKSCC: 56087
RtrP execMaxKSCC: 52103
r3WJ execMaxKSCC: 53548
eAUO execMaxKSCC: 50187
TW9w execMaxKSCC: 45072
t59R execMaxKSCC: 53776
0LMI execMaxKSCC: 53102
xE71 execMaxKSCC: 54869
o7D5 execMaxKSCC: 41470
jxTW execMaxKSCC: 54095
AU8Z execMaxKSCC: 49094
1JPL execMaxKSCC: 53374
ratio = 1.5000000000000004
Exp 1 / 64
Exp 2 / 64
Exp 3 / 64
Exp 4 / 64
Exp 5 / 64
Exp 8 / 64
Exp 9 / 64
Exp 11 / 64
Exp 13 / 64
Exp 15 / 64
Exp 16 / 64
Exp 6 / 64
Exp 14 / 64
Exp 12 / 64
Exp 10 / 64
Exp 7 / 64
nBns execMaxKSCC: 48197
Exp 17 / 64
JY8w execMaxKSCC: 48817
Exp 18 / 64
TJ0a execMaxKSCC: 48886
Exp 19 / 64
4UHT execMaxKSCC: 50408
Exp 20 / 64
MesQ execMaxKSCC: 50689
Exp 21 / 64
tVbK execMaxKSCC: 51209
Exp 22 / 64
uBXs execMaxKSCC: 51537
Exp 23 / 64
rxIh execMaxKSCC: 51571
Exp 24 / 64
ZYCt execMaxKSCC: 52453
Exp 25 / 64
VDSL execMaxKSCC: 52544
Exp 26 / 64
8jgD execMaxKSCC: 52587
Exp 27 / 64
S6uO execMaxKSCC: 52798
Exp 28 / 64
H8l5 execMaxKSCC: 54334
Exp 29 / 64
bAhf execMaxKSCC: 55163
Exp 30 / 64
6D2i execMaxKSCC: 55815
Exp 31 / 64
7cXr execMaxKSCC: 57244
Exp 32 / 64
GcPp execMaxKSCC: 43138
Exp 33 / 64
yVOA execMaxKSCC: 46010
Exp 34 / 64
Gi6s execMaxKSCC: 42779
Exp 35 / 64
qNCi execMaxKSCC: 45936
Exp 36 / 64
mTcD execMaxKSCC: 49108
Exp 37 / 64
Io2J execMaxKSCC: 47014
Exp 38 / 64
u8Mc execMaxKSCC: 46501
Exp 39 / 64
B2Kq execMaxKSCC: 46600
Exp 40 / 64
lcZZ execMaxKSCC: 46128
Exp 41 / 64
TBY3 execMaxKSCC: 48840
Exp 42 / 64
gUc4 execMaxKSCC: 47614
Exp 43 / 64
MLd7 execMaxKSCC: 48170
Exp 44 / 64
7bEv execMaxKSCC: 45578
Exp 45 / 64
RLfM execMaxKSCC: 43975
Exp 46 / 64
srwB execMaxKSCC: 46148
Exp 47 / 64
aIwL execMaxKSCC: 49448
Exp 48 / 64
oYJf execMaxKSCC: 31991
Exp 49 / 64
eOtx execMaxKSCC: 50140
Exp 50 / 64
E4Yn execMaxKSCC: 47499
Exp 51 / 64
HDUT execMaxKSCC: 45216
Exp 52 / 64
B1qh execMaxKSCC: 47019
Exp 53 / 64
457m execMaxKSCC: 45109
Exp 54 / 64
v2lg execMaxKSCC: 50414
Exp 55 / 64
yxri execMaxKSCC: 44878
Exp 56 / 64
kvhd execMaxKSCC: 44259
Exp 57 / 64
GTqp execMaxKSCC: 48796
Exp 58 / 64
YRqK execMaxKSCC: 51783
Exp 59 / 64
Lkhn execMaxKSCC: 48135
Exp 60 / 64
82Eg execMaxKSCC: 52290
Exp 61 / 64
mMvo execMaxKSCC: 50290
Exp 62 / 64
RWWm execMaxKSCC: 53012
Exp 63 / 64
oKFg execMaxKSCC: 47953
Exp 64 / 64
30PT execMaxKSCC: 51742
cwbr execMaxKSCC: 47446
yPSn execMaxKSCC: 49563
YrTh execMaxKSCC: 48496
2Rnk execMaxKSCC: 51753
avai execMaxKSCC: 49903
WHFR execMaxKSCC: 49167
k3Yt execMaxKSCC: 51441
YqDI execMaxKSCC: 50378
9Ikh execMaxKSCC: 47525
iEYl execMaxKSCC: 50047
Eude execMaxKSCC: 50108
cZTT execMaxKSCC: 50358
LDRa execMaxKSCC: 51300
jZKX execMaxKSCC: 48790
Qvna execMaxKSCC: 51142
ratio = 1.0
Exp 1 / 64
Exp 2 / 64
Exp 3 / 64
Exp 4 / 64
Exp 5 / 64
Exp 9 / 64
Exp 10 / 64
Exp 11 / 64
Exp 8 / 64
Exp 7 / 64
Exp 6 / 64
Exp 16 / 64
Exp 15 / 64
Exp 17 / 64
Exp 18 / 64
Exp 14 / 64
Exp 19 / 64
Exp 13 / 64
Exp 20 / 64
Exp 21 / 64
Exp 12 / 64
Exp 22 / 64
Exp 23 / 64
Exp 24 / 64
Exp 25 / 64
Exp 26 / 64
Exp 27 / 64
Exp 28 / 64
Exp 29 / 64
Exp 30 / 64
Exp 31 / 64
Exp 32 / 64
Exp 33 / 64
Exp 34 / 64
Exp 35 / 64
Exp 36 / 64
Exp 37 / 64
Exp 38 / 64
Exp 39 / 64
Exp 40 / 64
Exp 41 / 64
Exp 42 / 64
Exp 43 / 64
Exp 44 / 64
Exp 45 / 64
Exp 46 / 64
Exp 47 / 64
Exp 48 / 64
Exp 49 / 64
Exp 50 / 64
Exp 51 / 64
Exp 52 / 64
Exp 53 / 64
Exp 54 / 64
Exp 55 / 64
Exp 56 / 64
Exp 57 / 64
Exp 58 / 64
Exp 59 / 64
Exp 60 / 64
Exp 61 / 64
Exp 62 / 64
Exp 63 / 64
Exp 64 / 64
ratio = 1.1
Exp 1 / 64
Exp 2 / 64
Exp 3 / 64
Exp 4 / 64
Exp 5 / 64
Exp 6 / 64
Exp 7 / 64
Exp 8 / 64
Exp 9 / 64
Exp 10 / 64
Exp 11 / 64
Exp 12 / 64
Exp 14 / 64
Exp 15 / 64
Exp 13 / 64
Exp 16 / 64
Exp 17 / 64
Exp 18 / 64
Exp 19 / 64
Exp 20 / 64
Exp 21 / 64
Exp 22 / 64
Exp 23 / 64
Exp 24 / 64
Exp 25 / 64
Exp 26 / 64
Exp 27 / 64
Exp 28 / 64
Exp 29 / 64
Exp 30 / 64
Exp 31 / 64
Exp 32 / 64
Exp 33 / 64
Exp 34 / 64
Exp 35 / 64
Exp 36 / 64
Exp 37 / 64
Exp 38 / 64
Exp 39 / 64
Exp 40 / 64
Exp 41 / 64
Exp 42 / 64
Exp 43 / 64
Exp 44 / 64
Exp 45 / 64
Exp 46 / 64
Exp 47 / 64
Exp 48 / 64
Exp 49 / 64
Exp 51 / 64
Exp 52 / 64
Exp 53 / 64
Exp 54 / 64
Exp 55 / 64
Exp 56 / 64
Exp 57 / 64
Exp 50 / 64
Exp 58 / 64
Exp 59 / 64
Exp 60 / 64
Exp 61 / 64
Exp 62 / 64
Exp 63 / 64
Exp 64 / 64
ratio = 1.2000000000000002
Exp 1 / 64
Exp 2 / 64
Exp 3 / 64
Exp 4 / 64
Exp 5 / 64
Exp 6 / 64
Exp 7 / 64
Exp 8 / 64
Exp 9 / 64
Exp 10 / 64
Exp 11 / 64
Exp 12 / 64
Exp 13 / 64
Exp 14 / 64
Exp 15 / 64
Exp 16 / 64
20nD execMaxKSCC: 4753
Exp 17 / 64
7pWY execMaxKSCC: 4802
Exp 18 / 64
WpXc execMaxKSCC: 4984
Exp 19 / 64
0RPD execMaxKSCC: 4966
Exp 20 / 64
Tjn1 execMaxKSCC: 5110
Exp 21 / 64
lt4O execMaxKSCC: 5146
Exp 22 / 64
cC6a execMaxKSCC: 5146
Exp 23 / 64
4vnu execMaxKSCC: 5180
Exp 24 / 64
2hCv execMaxKSCC: 5204
Exp 25 / 64
H9XZ execMaxKSCC: 5232
Exp 26 / 64
I7kK execMaxKSCC: 5264
Exp 27 / 64
Qoud execMaxKSCC: 5282
Exp 28 / 64
SM7u execMaxKSCC: 5276
Exp 29 / 64
hxYh execMaxKSCC: 5310
Exp 30 / 64
Q7MU execMaxKSCC: 5555
Exp 31 / 64
iLH4 execMaxKSCC: 5723
Exp 32 / 64
bE4P execMaxKSCC: 4827
Exp 33 / 64
tEdL execMaxKSCC: 5005
Exp 34 / 64
ndvd execMaxKSCC: 4639
Exp 35 / 64
uYFJ execMaxKSCC: 4608
Exp 36 / 64
Lpwk execMaxKSCC: 4876
Exp 37 / 64
XHwz execMaxKSCC: 4854
Exp 38 / 64
lzQ9 execMaxKSCC: 5410
Exp 39 / 64
pzwq execMaxKSCC: 5185
Exp 40 / 64
SbDQ execMaxKSCC: 5498
Exp 41 / 64
lyXP execMaxKSCC: 5502
Exp 42 / 64
VPPu execMaxKSCC: 5172
Exp 43 / 64
Tlbf execMaxKSCC: 5530
Exp 44 / 64
Rgi7 execMaxKSCC: 5727
Exp 45 / 64
L4od execMaxKSCC: 6095
Exp 46 / 64
tlde execMaxKSCC: 5682
Exp 47 / 64
Wpeg execMaxKSCC: 6348
Exp 48 / 64
kKDS execMaxKSCC: 4439
Exp 49 / 64
8yE9 execMaxKSCC: 4625
Exp 50 / 64
nZQy execMaxKSCC: 4787
Exp 51 / 64
8Two execMaxKSCC: 4924
Exp 52 / 64
1tCd execMaxKSCC: 5175
Exp 53 / 64
4RUx execMaxKSCC: 4880
Exp 54 / 64
UtlB execMaxKSCC: 5781
Exp 55 / 64
URBP execMaxKSCC: 5158
Exp 56 / 64
pruE execMaxKSCC: 5028
Exp 57 / 64
WuIh execMaxKSCC: 4771
Exp 58 / 64
cWNG execMaxKSCC: 5046
Exp 59 / 64
Jr67 execMaxKSCC: 4622
Exp 60 / 64
Rrjr execMaxKSCC: 5462
Exp 61 / 64
cxOS execMaxKSCC: 5371
Exp 62 / 64
mooy execMaxKSCC: 5784
Exp 63 / 64
EqpF execMaxKSCC: 5318
Exp 64 / 64
XJl0 execMaxKSCC: 5256
jYIl execMaxKSCC: 5238
WOBg execMaxKSCC: 4956
xmiv execMaxKSCC: 5065
VXsm execMaxKSCC: 4574
E8tT execMaxKSCC: 5600
suWt execMaxKSCC: 5546
YNM2 execMaxKSCC: 4952
I5Jl execMaxKSCC: 5200
spjJ execMaxKSCC: 5131
zrf7 execMaxKSCC: 4881
gfMj execMaxKSCC: 5108
H32T execMaxKSCC: 5527
SLwJ execMaxKSCC: 5073
tDse execMaxKSCC: 5088
8xa2 execMaxKSCC: 5318
ratio = 1.0
Exp 1 / 32
Exp 2 / 32
Exp 3 / 32
Exp 4 / 32
Exp 5 / 32
Exp 6 / 32
Exp 7 / 32
Exp 8 / 32
Exp 9 / 32
Exp 10 / 32
Exp 11 / 32
Exp 12 / 32
Exp 14 / 32
Exp 13 / 32
Exp 15 / 32
Exp 16 / 32
Exp 17 / 32
Exp 18 / 32
Exp 19 / 32
Exp 20 / 32
Exp 21 / 32
Exp 22 / 32
Exp 23 / 32
Exp 24 / 32
Exp 25 / 32
Exp 26 / 32
Exp 27 / 32
Exp 28 / 32
Exp 29 / 32
Exp 30 / 32
Exp 31 / 32
Exp 32 / 32
ratio = 1.1
Exp 1 / 32
Exp 2 / 32
Exp 4 / 32
Exp 5 / 32
Exp 6 / 32
Exp 7 / 32
Exp 9 / 32
Exp 10 / 32
Exp 11 / 32
Exp 12 / 32
Exp 13 / 32
Exp 8 / 32
Exp 14 / 32
Exp 15 / 32
Exp 16 / 32
Exp 17 / 32
Exp 18 / 32
Exp 19 / 32
Exp 3 / 32
Exp 20 / 32
Exp 21 / 32
Exp 22 / 32
Exp 23 / 32
Exp 24 / 32
Exp 25 / 32
Exp 26 / 32
Exp 27 / 32
Exp 28 / 32
Exp 29 / 32
Exp 30 / 32
Exp 31 / 32
Exp 32 / 32
ratio = 1.2000000000000002
Exp 1 / 32
Exp 2 / 32
Exp 3 / 32
Exp 4 / 32
Exp 6 / 32
Exp 7 / 32
Exp 8 / 32
Exp 9 / 32
Exp 13 / 32
Exp 14 / 32
Exp 10 / 32
Exp 15 / 32
Exp 12 / 32
Exp 18 / 32
Exp 11 / 32
Exp 19 / 32
Exp 20 / 32
Exp 17 / 32
Exp 5 / 32
Exp 16 / 32
Exp 21 / 32
Exp 22 / 32
Exp 23 / 32
Exp 24 / 32
Exp 25 / 32
Exp 26 / 32
Exp 27 / 32
Exp 28 / 32
Exp 29 / 32
Exp 30 / 32
Exp 31 / 32
Exp 32 / 32
ratio = 1.3000000000000003
Exp 2 / 32
Exp 3 / 32
Exp 4 / 32
Exp 6 / 32
Exp 7 / 32
Exp 8 / 32
Exp 9 / 32
Exp 11 / 32
Exp 1 / 32
Exp 13 / 32
Exp 14 / 32
Exp 5 / 32
Exp 15 / 32
Exp 16 / 32
Exp 12 / 32
Exp 10 / 32
Exp 17 / 32
Exp 18 / 32
Exp 19 / 32
Exp 20 / 32
Exp 21 / 32
Exp 22 / 32
Exp 23 / 32
Exp 24 / 32
Exp 25 / 32
Exp 26 / 32
Exp 27 / 32
Exp 28 / 32
Exp 29 / 32
Exp 30 / 32
Exp 31 / 32
Exp 32 / 32
ratio = 1.4000000000000004
Exp 1 / 32
Exp 3 / 32
Exp 4 / 32
Exp 6 / 32
Exp 9 / 32
Exp 10 / 32
Exp 11 / 32
Exp 12 / 32
Exp 13 / 32
Exp 14 / 32
Exp 5 / 32
Exp 2 / 32
Exp 16 / 32
Exp 15 / 32
Exp 8 / 32
Exp 7 / 32
Exp 17 / 32
Exp 18 / 32
Exp 19 / 32
Exp 20 / 32
Exp 21 / 32
Exp 22 / 32
Exp 23 / 32
Exp 24 / 32
Exp 25 / 32
Exp 26 / 32
Exp 27 / 32
Exp 28 / 32
Exp 29 / 32
Exp 30 / 32
Exp 31 / 32
Exp 32 / 32
ratio = 1.5000000000000004
Exp 1 / 32
Exp 2 / 32
Exp 3 / 32
Exp 4 / 32
Exp 7 / 32
Exp 8 / 32
Exp 5 / 32
Exp 9 / 32
Exp 13 / 32
Exp 6 / 32
Exp 16 / 32
Exp 14 / 32
Exp 15 / 32
Exp 12 / 32
Exp 11 / 32
Exp 10 / 32
Exp 17 / 32
Exp 18 / 32
Exp 19 / 32
Exp 20 / 32
Exp 21 / 32
Exp 22 / 32
Exp 23 / 32
Exp 24 / 32
Exp 25 / 32
Exp 26 / 32
Exp 27 / 32
Exp 28 / 32
Exp 29 / 32
Exp 30 / 32
Exp 31 / 32
Exp 32 / 32
uvwb execMaxKSCC: 1726301
GGRt execMaxKSCC: 1994046
ratio = 1.6000000000000005
Exp 1 / 32
Exp 2 / 32
Exp 3 / 32
Exp 4 / 32
Exp 5 / 32
Exp 7 / 32
Exp 8 / 32
Exp 9 / 32
Exp 10 / 32
Exp 6 / 32
Exp 11 / 32
Exp 14 / 32
Exp 15 / 32
Exp 13 / 32
Exp 12 / 32
Exp 16 / 32
Exp 17 / 32
Exp 18 / 32
Exp 19 / 32
Exp 20 / 32
Exp 21 / 32
Exp 22 / 32
Exp 23 / 32
Exp 24 / 32
Exp 25 / 32
Exp 26 / 32
Exp 27 / 32
Exp 28 / 32
Exp 29 / 32
Exp 30 / 32
Exp 31 / 32
Exp 32 / 32
eyjp execMaxKSCC: 1156364
SfaF execMaxKSCC: 1478099
J3eu execMaxKSCC: 1495716
1wAt execMaxKSCC: 1500967
jRl7 execMaxKSCC: 1702215
A5lO execMaxKSCC: 1704892
87gc execMaxKSCC: 1849730
Uauy execMaxKSCC: 1864029
re89 execMaxKSCC: 1906128
D6yL execMaxKSCC: 1913549
I94k execMaxKSCC: 2055862
4Gtl execMaxKSCC: 2089336
v7JC execMaxKSCC: 2166464
a6QG execMaxKSCC: 2344029
ratio = 1.7000000000000006
Exp 1 / 32
Exp 2 / 32
Exp 3 / 32
Exp 4 / 32
Exp 5 / 32
Exp 6 / 32
Exp 8 / 32
Exp 9 / 32
Exp 10 / 32
Exp 11 / 32
Exp 12 / 32
Exp 13 / 32
Exp 7 / 32
Exp 15 / 32
Exp 16 / 32
Exp 14 / 32
9kKp execMaxKSCC: 1161033
Exp 17 / 32
Yrde execMaxKSCC: 1831455
Exp 18 / 32
YJfT execMaxKSCC: 1862039
Exp 19 / 32
HOl1 execMaxKSCC: 1868127
Exp 20 / 32
JlVE execMaxKSCC: 1927999
Exp 21 / 32
eMAf execMaxKSCC: 1968547
Exp 22 / 32
Exp 23 / 32
H5Sn execMaxKSCC: 2041415
Exp 24 / 32
Buyq execMaxKSCC: 2330785
Exp 25 / 32
8GJj execMaxKSCC: 2346480
Exp 26 / 32
zmsO execMaxKSCC: 2386814
Exp 27 / 32
jbuk execMaxKSCC: 2530505
Exp 28 / 32
okz3 execMaxKSCC: 2562615
Exp 29 / 32
Ynv7 execMaxKSCC: 2579283
Exp 30 / 32
5VjY execMaxKSCC: 2602327
Exp 31 / 32
D150 execMaxKSCC: 2679949
Exp 32 / 32
7qsB execMaxKSCC: 2701975
Zgmq execMaxKSCC: 1799572
fUSY execMaxKSCC: 1253324
BnyV execMaxKSCC: 1903717
4STM execMaxKSCC: 2071772
odLV execMaxKSCC: 2294366
CtrX execMaxKSCC: 2295599
OjCG execMaxKSCC: 2291852
kiBM execMaxKSCC: 2489266
8Ggc execMaxKSCC: 1946709
4nhf execMaxKSCC: 2237912
Wz5a execMaxKSCC: 2311555
4cv6 execMaxKSCC: 2115738
vaeI execMaxKSCC: 2100210
RP4H execMaxKSCC: 1989636
3Oyn execMaxKSCC: 2187696
ratio = 1.8000000000000007
Exp 2 / 32
Exp 5 / 32
Exp 1 / 32
Exp 3 / 32
Exp 6 / 32
Exp 4 / 32
Exp 7 / 32
Exp 9 / 32
Exp 11 / 32
Exp 12 / 32
Exp 13 / 32
Exp 14 / 32
Exp 8 / 32
Exp 10 / 32
Exp 15 / 32
Exp 16 / 32
FFwy execMaxKSCC: 1758906
Exp 17 / 32
fKrc execMaxKSCC: 1838388
Exp 18 / 32
l8oG execMaxKSCC: 1941333
Exp 19 / 32
s9eK execMaxKSCC: 2038115
Exp 20 / 32
p35l execMaxKSCC: 2067809
Exp 21 / 32
eLGe execMaxKSCC: 2354177
Exp 22 / 32
y3sK execMaxKSCC: 2372118
Exp 23 / 32
y1ti execMaxKSCC: 2390824
Exp 24 / 32
mqME execMaxKSCC: 2490308
Exp 25 / 32
mlsY execMaxKSCC: 2508656
Exp 26 / 32
LI8a execMaxKSCC: 2578085
Exp 27 / 32
9MS7 execMaxKSCC: 2600653
Exp 28 / 32
uEQO execMaxKSCC: 2605687
Exp 29 / 32
ihfX execMaxKSCC: 2605852
Exp 30 / 32
oquM execMaxKSCC: 2629351
Exp 31 / 32
ncps execMaxKSCC: 2665136
Exp 32 / 32
vtcD execMaxKSCC: 2397970
u0iQ execMaxKSCC: 2524037
OpQR execMaxKSCC: 2422726
fRBG execMaxKSCC: 2334575
xmRs execMaxKSCC: 2643751
rspv execMaxKSCC: 2086892
S5nx execMaxKSCC: 2206894
8mNe execMaxKSCC: 2504061
eYDj execMaxKSCC: 2540189
Rxmw execMaxKSCC: 2630337
1UzG execMaxKSCC: 2527114
KK5q execMaxKSCC: 2520172
3QUN execMaxKSCC: 2567673
wcll execMaxKSCC: 2736513
96ER execMaxKSCC: 2668016
yLRe execMaxKSCC: 2702595
ratio = 1.0
Exp 1 / 32
Exp 2 / 32
Exp 3 / 32
Exp 7 / 32
Exp 5 / 32
Exp 8 / 32
Exp 10 / 32
Exp 11 / 32
Exp 12 / 32
Exp 6 / 32
Exp 4 / 32
Exp 15 / 32
Exp 14 / 32
Exp 13 / 32
Exp 9 / 32
Exp 16 / 32
Exp 17 / 32
Exp 18 / 32
Exp 19 / 32
Exp 20 / 32
Exp 21 / 32
Exp 22 / 32
Exp 23 / 32
Exp 24 / 32
Exp 25 / 32
Exp 26 / 32
Exp 27 / 32
Exp 28 / 32
Exp 29 / 32
Exp 30 / 32
Exp 31 / 32
Exp 32 / 32
ratio = 1.1
Exp 1 / 32
Exp 2 / 32
Exp 3 / 32
Exp 4 / 32
Exp 5 / 32
Exp 6 / 32
Exp 7 / 32
Exp 9 / 32
Exp 10 / 32
Exp 12 / 32
Exp 14 / 32
Exp 16 / 32
Exp 8 / 32
Exp 15 / 32
Exp 13 / 32
Exp 17 / 32
Exp 18 / 32
Exp 11 / 32
Exp 19 / 32
Exp 20 / 32
Exp 21 / 32
Exp 22 / 32
Exp 23 / 32
Exp 24 / 32
Exp 25 / 32
Exp 26 / 32
Exp 27 / 32
Exp 28 / 32
Exp 29 / 32
Exp 30 / 32
Exp 31 / 32
Exp 32 / 32
ratio = 1.2000000000000002
Exp 1 / 32
Exp 3 / 32
Exp 4 / 32
Exp 5 / 32
Exp 8 / 32
Exp 7 / 32
Exp 6 / 32
Exp 10 / 32
Exp 11 / 32
Exp 12 / 32
Exp 13 / 32
Exp 9 / 32
Exp 15 / 32
Exp 14 / 32
Exp 2 / 32
Exp 16 / 32
Exp 17 / 32
Exp 18 / 32
Exp 19 / 32
Exp 20 / 32
Exp 21 / 32
Exp 22 / 32
Exp 23 / 32
Exp 24 / 32
Exp 31 / 32
Exp 30 / 32
Exp 29 / 32
Exp 28 / 32
Exp 27 / 32
Exp 26 / 32
Exp 25 / 32
Exp 32 / 32
ratio = 1.3000000000000003
Exp 1 / 32
Exp 2 / 32
Exp 3 / 32
Exp 6 / 32
Exp 7 / 32
Exp 10 / 32
Exp 12 / 32
Exp 13 / 32
Exp 14 / 32
Exp 15 / 32
Exp 9 / 32
Exp 8 / 32
Exp 4 / 32
Exp 5 / 32
Exp 11 / 32
Exp 16 / 32
Exp 17 / 32
Exp 18 / 32
Exp 19 / 32
Exp 20 / 32
Exp 21 / 32
Exp 22 / 32
Exp 23 / 32
Exp 24 / 32
Exp 25 / 32
Exp 26 / 32
Exp 27 / 32
Exp 28 / 32
Exp 29 / 32
Exp 30 / 32
Exp 31 / 32
Exp 32 / 32
ratio = 1.4000000000000004
Exp 1 / 32
Exp 2 / 32
Exp 3 / 32
Exp 4 / 32
Exp 5 / 32
Exp 6 / 32
Exp 8 / 32
Exp 9 / 32
Exp 10 / 32
Exp 11 / 32
Exp 7 / 32
Exp 12 / 32
Exp 13 / 32
Exp 14 / 32
Exp 15 / 32
Exp 16 / 32
Exp 17 / 32
Exp 18 / 32
Exp 19 / 32
Exp 20 / 32
Exp 21 / 32
Exp 22 / 32
Exp 23 / 32
Exp 24 / 32
Exp 25 / 32
Exp 26 / 32
Exp 27 / 32
Exp 28 / 32
Exp 29 / 32
Exp 30 / 32
Exp 31 / 32
Exp 32 / 32
kH3O execMaxKSCC: 1180541
h2Uz execMaxKSCC: 1257086
9aRb execMaxKSCC: 1387349
6Bad execMaxKSCC: 1489398
ZPn1 execMaxKSCC: 1587105
U4np execMaxKSCC: 1786817
ratio = 1.5000000000000004
Exp 1 / 32
Exp 2 / 32
Exp 3 / 32
Exp 4 / 32
Exp 5 / 32
Exp 7 / 32
Exp 9 / 32
Exp 6 / 32
Exp 11 / 32
Exp 12 / 32
Exp 15 / 32
Exp 10 / 32
Exp 8 / 32
Exp 14 / 32
Exp 13 / 32
Exp 16 / 32
Exp 17 / 32
Exp 18 / 32
j04X execMaxKSCC: 2278840
Exp 19 / 32
OoQi execMaxKSCC: 2367547
Exp 20 / 32
aNdj execMaxKSCC: 2481990
Exp 21 / 32
jAnq execMaxKSCC: 2710161
Exp 22 / 32
Vt6i execMaxKSCC: 2732334
Exp 23 / 32
Cbbs execMaxKSCC: 2873564
Exp 24 / 32
D1pP execMaxKSCC: 2889323
Exp 25 / 32
NKmi execMaxKSCC: 2988409
Exp 26 / 32
rmOw execMaxKSCC: 2999306
Exp 27 / 32
h1zD execMaxKSCC: 3002352
Exp 28 / 32
AHZz execMaxKSCC: 3014836
Exp 29 / 32
g5qb execMaxKSCC: 3015749
Exp 30 / 32
Qt4k execMaxKSCC: 3021014
Exp 31 / 32
2aRb execMaxKSCC: 3028085
Exp 32 / 32
z4xn execMaxKSCC: 3103311
EJnb execMaxKSCC: 3184304
DLOI execMaxKSCC: 2566220
iGNS execMaxKSCC: 2576550
1I7X execMaxKSCC: 2132255
MmL4 execMaxKSCC: 2451576
7A1g execMaxKSCC: 3031529
EIdC execMaxKSCC: 2317718
FPVO execMaxKSCC: 2435773
iiOs execMaxKSCC: 2478018
4sYm execMaxKSCC: 2694732
16wr execMaxKSCC: 2954392
DLZH execMaxKSCC: 2655764
g41K execMaxKSCC: 2834858
Kv1N execMaxKSCC: 2795648
46BU execMaxKSCC: 2923497
ratio = 1.6000000000000005
Exp 1 / 32
Exp 2 / 32
Exp 4 / 32
Exp 5 / 32
Exp 7 / 32
Exp 8 / 32
Exp 9 / 32
Exp 10 / 32
Exp 12 / 32
Exp 13 / 32
Exp 14 / 32
Exp 3 / 32
Exp 15 / 32
Exp 11 / 32
Exp 6 / 32
Exp 16 / 32
y1sd execMaxKSCC: 2458365
Exp 17 / 32
wjWI execMaxKSCC: 2527527
Exp 18 / 32
Hiz1 execMaxKSCC: 2541317
Exp 19 / 32
KdOM execMaxKSCC: 2542147
Exp 20 / 32
aoah execMaxKSCC: 2631547
Exp 21 / 32
PfJZ execMaxKSCC: 2643770
Exp 22 / 32
h0Dt execMaxKSCC: 2648553
Exp 23 / 32
SkCQ execMaxKSCC: 2656607
Exp 24 / 32
Y8hv execMaxKSCC: 2686784
Exp 25 / 32
Knh3 execMaxKSCC: 2732306
Exp 26 / 32
O0Ns execMaxKSCC: 2762921
Exp 27 / 32
cfmH execMaxKSCC: 2769100
Exp 28 / 32
Qf4F execMaxKSCC: 2782229
Exp 29 / 32
trsx execMaxKSCC: 2793019
Exp 30 / 32
PWlD execMaxKSCC: 2795989
Exp 31 / 32
GmBp execMaxKSCC: 2797549
Exp 32 / 32
TmPT execMaxKSCC: 2840990
Ynrb execMaxKSCC: 3006089
KTYB execMaxKSCC: 3005505
Ide6 execMaxKSCC: 2963715
KmXs execMaxKSCC: 2854024
tmZO execMaxKSCC: 3150178
ZjXC execMaxKSCC: 3134099
nIng execMaxKSCC: 3003944
61O0 execMaxKSCC: 3162269
tIH1 execMaxKSCC: 3197769
epn4 execMaxKSCC: 3161852
hU1C execMaxKSCC: 3128953
O1RI execMaxKSCC: 3170339
dc5l execMaxKSCC: 3143461
SW8L execMaxKSCC: 3175583
D2SA execMaxKSCC: 3161211
ratio = 1.0
Exp 1 / 32
Exp 2 / 32
Exp 3 / 32
Exp 4 / 32
Exp 5 / 32
Exp 6 / 32
Exp 7 / 32
Exp 8 / 32
Exp 9 / 32
Exp 14 / 32
Exp 10 / 32
Exp 15 / 32
Exp 13 / 32
Exp 11 / 32
Exp 12 / 32
Exp 16 / 32
Exp 17 / 32
Exp 18 / 32
Exp 19 / 32
Exp 20 / 32
Exp 21 / 32
Exp 22 / 32
Exp 23 / 32
Exp 24 / 32
Exp 25 / 32
Exp 26 / 32
Exp 27 / 32
Exp 28 / 32
Exp 29 / 32
Exp 30 / 32
Exp 31 / 32
Exp 32 / 32
ratio = 1.1
Exp 1 / 32
Exp 2 / 32
Exp 3 / 32
Exp 4 / 32
Exp 5 / 32
Exp 6 / 32
Exp 7 / 32
Exp 8 / 32
Exp 9 / 32
Exp 10 / 32
Exp 11 / 32
Exp 12 / 32
Exp 13 / 32
Exp 14 / 32
Exp 15 / 32
Exp 16 / 32
Exp 17 / 32
Exp 18 / 32
Exp 19 / 32
Exp 20 / 32
Exp 21 / 32
Exp 22 / 32
Exp 23 / 32
Exp 24 / 32
Exp 25 / 32
Exp 26 / 32
Exp 27 / 32
Exp 28 / 32
Exp 29 / 32
Exp 30 / 32
Exp 31 / 32
Exp 32 / 32
ratio = 1.2000000000000002
Exp 1 / 32
Exp 2 / 32
Exp 3 / 32
Exp 4 / 32
Exp 5 / 32
Exp 6 / 32
Exp 7 / 32
Exp 8 / 32
Exp 9 / 32
Exp 10 / 32
Exp 11 / 32
Exp 12 / 32
Exp 13 / 32
Exp 14 / 32
Exp 15 / 32
Exp 16 / 32
Exp 17 / 32
Exp 18 / 32
Exp 19 / 32
Exp 20 / 32
Exp 21 / 32
Exp 22 / 32
Exp 23 / 32
Exp 24 / 32
Exp 25 / 32
Exp 26 / 32
Exp 27 / 32
Exp 28 / 32
Exp 29 / 32
Exp 30 / 32
Exp 31 / 32
Exp 32 / 32
ratio = 1.3000000000000003
Exp 1 / 32
Exp 2 / 32
Exp 3 / 32
Exp 4 / 32
Exp 5 / 32
Exp 6 / 32
Exp 7 / 32
Exp 8 / 32
Exp 10 / 32
Exp 9 / 32
Exp 11 / 32
Exp 13 / 32
Exp 14 / 32
Exp 15 / 32
Exp 12 / 32
Exp 16 / 32
Exp 17 / 32
Exp 18 / 32
Exp 19 / 32
Exp 20 / 32
Exp 21 / 32
Exp 22 / 32
MwgY execMaxKSCC: 1216279
Exp 23 / 32
Exp 24 / 32
cpou execMaxKSCC: 1395269
Exp 25 / 32
m6lD execMaxKSCC: 1550893
Exp 26 / 32
TzjL execMaxKSCC: 1556063
Exp 27 / 32
3glM execMaxKSCC: 1566536
Exp 28 / 32
mrfy execMaxKSCC: 1687081
Exp 29 / 32
2xJc execMaxKSCC: 1733872
Exp 30 / 32
XxE8 execMaxKSCC: 1742989
Exp 31 / 32
ZBb7 execMaxKSCC: 1760008
Exp 32 / 32
U2nc execMaxKSCC: 1792462
5V7Q execMaxKSCC: 1804241
shjh execMaxKSCC: 1830983
aLsi execMaxKSCC: 1837180
Y249 execMaxKSCC: 1845799
G6Fn execMaxKSCC: 1874309
nGwN execMaxKSCC: 1884749
mkEU execMaxKSCC: 1628727
WfGL execMaxKSCC: 1355778
u69I execMaxKSCC: 1754575
uHE8 execMaxKSCC: 1649719
ButX execMaxKSCC: 1489881
cOAT execMaxKSCC: 1713549
qHcd execMaxKSCC: 1815799
iYbH execMaxKSCC: 1758769
OIfV execMaxKSCC: 1754742
ratio = 1.4000000000000004
Exp 1 / 32
Exp 2 / 32
Exp 3 / 32
Exp 4 / 32
Exp 5 / 32
Exp 8 / 32
Exp 9 / 32
Exp 10 / 32
Exp 12 / 32
Exp 13 / 32
Exp 14 / 32
Exp 7 / 32
Exp 15 / 32
Exp 6 / 32
Exp 11 / 32
Exp 16 / 32
vBWu execMaxKSCC: 1530855
Exp 17 / 32
t1eH execMaxKSCC: 1564632
Exp 18 / 32
OLiR execMaxKSCC: 1589593
Exp 19 / 32
lc34 execMaxKSCC: 1591122
Exp 20 / 32
M32m execMaxKSCC: 1608081
Exp 21 / 32
EcY4 execMaxKSCC: 1624693
Exp 22 / 32
kZyO execMaxKSCC: 1630899
Exp 23 / 32
oQFv execMaxKSCC: 1647771
Exp 24 / 32
hrch execMaxKSCC: 1652329
Exp 25 / 32
iGa3 execMaxKSCC: 1652310
Exp 26 / 32
yPjg execMaxKSCC: 1657589
Exp 27 / 32
DFc1 execMaxKSCC: 1663998
Exp 28 / 32
mZM5 execMaxKSCC: 1666972
Exp 29 / 32
1xfO execMaxKSCC: 1668823
Exp 30 / 32
y99e execMaxKSCC: 1670897
Exp 31 / 32
zI6a execMaxKSCC: 1700732
Exp 32 / 32
7QIY execMaxKSCC: 1475304
xMTq execMaxKSCC: 1590838
POZa execMaxKSCC: 1612360
gPdk execMaxKSCC: 1586785
XlRR execMaxKSCC: 1547256
y7gi execMaxKSCC: 1614166
PMS7 execMaxKSCC: 1564670
msEt execMaxKSCC: 1553038
k51o execMaxKSCC: 1572702
R1WE execMaxKSCC: 1576701
3ift execMaxKSCC: 1606395
GWbd execMaxKSCC: 1618946
48Kb execMaxKSCC: 1577312
YKoF execMaxKSCC: 1610491
wcHC execMaxKSCC: 1619538
yiTU execMaxKSCC: 1596343
ratio = 1.0
Exp 1 / 32
Exp 2 / 32
Exp 4 / 32
Exp 5 / 32
Exp 6 / 32
Exp 7 / 32
Exp 8 / 32
Exp 9 / 32
Exp 10 / 32
Exp 11 / 32
Exp 12 / 32
Exp 13 / 32
Exp 14 / 32
Exp 15 / 32
Exp 16 / 32
Exp 3 / 32
Exp 17 / 32
Exp 18 / 32
Exp 19 / 32
Exp 20 / 32
Exp 21 / 32
Exp 22 / 32
Exp 23 / 32
Exp 24 / 32
Exp 25 / 32
Exp 26 / 32
Exp 27 / 32
Exp 28 / 32
Exp 29 / 32
Exp 30 / 32
Exp 31 / 32
Exp 32 / 32
ratio = 1.1
Exp 1 / 32
Exp 2 / 32
Exp 3 / 32
Exp 4 / 32
Exp 5 / 32
Exp 9 / 32
Exp 11 / 32
Exp 12 / 32
Exp 6 / 32
Exp 13 / 32
Exp 14 / 32
Exp 15 / 32
Exp 8 / 32
Exp 7 / 32
Exp 16 / 32
Exp 10 / 32
Exp 17 / 32
Exp 18 / 32
Exp 19 / 32
Exp 20 / 32
Exp 21 / 32
Exp 22 / 32
Exp 23 / 32
Exp 24 / 32
Exp 25 / 32
Exp 26 / 32
Exp 27 / 32
Exp 28 / 32
Exp 29 / 32
Exp 30 / 32
Exp 31 / 32
Exp 32 / 32
ratio = 1.2000000000000002
Exp 1 / 32
Exp 2 / 32
Exp 6 / 32
Exp 9 / 32
Exp 10 / 32
Exp 11 / 32
Exp 5 / 32
Exp 15 / 32
Exp 4 / 32
Exp 3 / 32
Exp 14 / 32
Exp 13 / 32
Exp 12 / 32
Exp 8 / 32
Exp 7 / 32
Exp 16 / 32
Exp 17 / 32
Exp 18 / 32
Exp 19 / 32
Exp 20 / 32
Exp 21 / 32
Exp 22 / 32
Exp 23 / 32
Exp 24 / 32
Exp 25 / 32
Exp 26 / 32
Exp 27 / 32
Exp 28 / 32
Exp 29 / 32
Exp 30 / 32
Exp 31 / 32
Exp 32 / 32
ratio = 1.3000000000000003
Exp 1 / 32
Exp 3 / 32
Exp 4 / 32
Exp 5 / 32
Exp 6 / 32
Exp 7 / 32
Exp 8 / 32
Exp 9 / 32
Exp 10 / 32
Exp 11 / 32
Exp 13 / 32
Exp 15 / 32
Exp 12 / 32
Exp 16 / 32
Exp 14 / 32
Exp 2 / 32
Exp 17 / 32
Exp 18 / 32
Exp 19 / 32
Exp 20 / 32
Exp 21 / 32
Exp 22 / 32
Exp 23 / 32
Exp 24 / 32
Exp 25 / 32
Exp 26 / 32
Exp 27 / 32
Exp 28 / 32
Exp 29 / 32
Exp 30 / 32
Exp 31 / 32
Exp 32 / 32
ratio = 1.4000000000000004
Exp 1 / 32
Exp 2 / 32
Exp 3 / 32
Exp 4 / 32
Exp 5 / 32
Exp 6 / 32
Exp 7 / 32
Exp 8 / 32
Exp 9 / 32
Exp 11 / 32
Exp 12 / 32
Exp 13 / 32
Exp 14 / 32
Exp 16 / 32
Exp 10 / 32
Exp 15 / 32
Exp 17 / 32
Exp 18 / 32
Exp 19 / 32
Exp 20 / 32
Exp 21 / 32
Exp 22 / 32
Exp 23 / 32
Exp 24 / 32
Exp 25 / 32
Exp 26 / 32
Exp 27 / 32
Exp 28 / 32
Exp 29 / 32
Exp 30 / 32
Exp 31 / 32
Exp 32 / 32
ratio = 1.5000000000000004
Exp 1 / 32
Exp 2 / 32
Exp 3 / 32
Exp 4 / 32
Exp 5 / 32
Exp 6 / 32
Exp 8 / 32
Exp 10 / 32
Exp 11 / 32
Exp 12 / 32
Exp 13 / 32
Exp 14 / 32
Exp 15 / 32
Exp 9 / 32
Exp 7 / 32
Exp 16 / 32
Exp 17 / 32
Exp 18 / 32
Exp 19 / 32
Exp 20 / 32
Exp 21 / 32
Exp 22 / 32
Exp 23 / 32
Exp 24 / 32
Exp 25 / 32
Exp 26 / 32
Exp 27 / 32
Exp 28 / 32
Exp 29 / 32
Exp 30 / 32
Exp 31 / 32
Exp 32 / 32
ratio = 1.6000000000000005
Exp 1 / 32
Exp 2 / 32
Exp 3 / 32
Exp 4 / 32
Exp 5 / 32
Exp 6 / 32
Exp 7 / 32
Exp 8 / 32
Exp 9 / 32
Exp 10 / 32
Exp 12 / 32
Exp 13 / 32
Exp 14 / 32
Exp 11 / 32
Exp 15 / 32
Exp 16 / 32
Exp 17 / 32
Exp 18 / 32
Exp 19 / 32
Exp 20 / 32
Exp 21 / 32
Exp 22 / 32
Exp 23 / 32
Exp 24 / 32
Exp 25 / 32
Exp 26 / 32
Exp 27 / 32
Exp 28 / 32
Exp 29 / 32
Exp 30 / 32
Exp 31 / 32
Exp 32 / 32
9XWH execMaxKSCC: 31803606
oR1j execMaxKSCC: 32022494
sdcp execMaxKSCC: 34426312
ps5Q execMaxKSCC: 38619776
ratio = 1.7000000000000006
Exp 1 / 32
Exp 2 / 32
Exp 3 / 32
Exp 4 / 32
Exp 5 / 32
Exp 6 / 32
Exp 7 / 32
Exp 9 / 32
Exp 13 / 32
Exp 14 / 32
Exp 8 / 32
Exp 16 / 32
Exp 12 / 32
Exp 10 / 32
Exp 11 / 32
Exp 15 / 32
Kfcn execMaxKSCC: 29717429
Exp 17 / 32
tz62 execMaxKSCC: 39505133
Exp 18 / 32
IUMa execMaxKSCC: 40663067
Exp 19 / 32
K3qb execMaxKSCC: 44579502
Exp 20 / 32
paMQ execMaxKSCC: 45047794
Exp 21 / 32
1TnL execMaxKSCC: 49208015
Exp 22 / 32
d7Eb execMaxKSCC: 49693180
Exp 23 / 32
C1zx execMaxKSCC: 49862633
Exp 24 / 32
F4DL execMaxKSCC: 53951730
Exp 25 / 32
sWog execMaxKSCC: 55163363
Exp 26 / 32
ooM3 execMaxKSCC: 57309986
Exp 27 / 32
iql1 execMaxKSCC: 57792856
Exp 28 / 32
Q4ww execMaxKSCC: 62565927
Exp 29 / 32
4832 execMaxKSCC: 63292264
Exp 30 / 32
Exp 31 / 32
Qeo6 execMaxKSCC: 63938831
Exp 32 / 32
GBOW execMaxKSCC: 64147291
9hS6 execMaxKSCC: 51420771
V2XS execMaxKSCC: 47485592
cMNl execMaxKSCC: 54216534
uZuJ execMaxKSCC: 50875763
fxSd execMaxKSCC: 51116691
RJmA execMaxKSCC: 43721360
wLeH execMaxKSCC: 61223729
gQ0v execMaxKSCC: 53697101
26eX execMaxKSCC: 70531583
ekpB execMaxKSCC: 63035177
vdSw execMaxKSCC: 54919561
vJ57 execMaxKSCC: 62000770
44z2 execMaxKSCC: 52505815
FxrT execMaxKSCC: 55264807
OPoa execMaxKSCC: 59676124
ratio = 1.8000000000000007
Exp 1 / 32
Exp 2 / 32
Exp 3 / 32
Exp 4 / 32
Exp 5 / 32
Exp 6 / 32
Exp 7 / 32
Exp 8 / 32
Exp 9 / 32
Exp 10 / 32
Exp 11 / 32
Exp 12 / 32
Exp 13 / 32
Exp 14 / 32
Exp 15 / 32
Exp 16 / 32
0GDH execMaxKSCC: 46250974
Exp 17 / 32
6SP1 execMaxKSCC: 46275874
Exp 18 / 32
Rmzu execMaxKSCC: 47092452
Exp 19 / 32
T7IG execMaxKSCC: 49932635
Exp 20 / 32
ZS9x execMaxKSCC: 50525179
Exp 21 / 32
a5eb execMaxKSCC: 52573438
Exp 22 / 32
Ghsn execMaxKSCC: 54875726
Exp 23 / 32
t06Q execMaxKSCC: 55413874
Exp 24 / 32
sH1N execMaxKSCC: 55742855
Exp 25 / 32
OYRY execMaxKSCC: 56384461
Exp 26 / 32
DyTN execMaxKSCC: 56434951
Exp 27 / 32
usqI execMaxKSCC: 56541664
Exp 28 / 32
FXTq execMaxKSCC: 56830221
Exp 29 / 32
52El execMaxKSCC: 58779335
Exp 30 / 32
5Zac execMaxKSCC: 59731804
Exp 31 / 32
zdj3 execMaxKSCC: 60072423
Exp 32 / 32
gRxa execMaxKSCC: 49789693
YyzD execMaxKSCC: 52847033
eNkU execMaxKSCC: 59208593
k8uA execMaxKSCC: 51142709
gv1U execMaxKSCC: 60307238
diCp execMaxKSCC: 50958799
2tfs execMaxKSCC: 51408475
3Sdu execMaxKSCC: 52129114
btVg execMaxKSCC: 53300912
zA8N execMaxKSCC: 50518507
ArmU execMaxKSCC: 53932144
MXNc execMaxKSCC: 60800690
R42X execMaxKSCC: 59004824
bMbo execMaxKSCC: 57772328
UmjO execMaxKSCC: 54457194
OPcL execMaxKSCC: 62837712
ratio = 1.0
Exp 1 / 32
Exp 2 / 32
Exp 3 / 32
Exp 4 / 32
Exp 5 / 32
Exp 6 / 32
Exp 7 / 32
Exp 8 / 32
Exp 9 / 32
Exp 10 / 32
Exp 12 / 32
Exp 13 / 32
Exp 14 / 32
Exp 15 / 32
Exp 16 / 32
Exp 11 / 32
Exp 17 / 32
Exp 18 / 32
Exp 19 / 32
Exp 20 / 32
Exp 21 / 32
Exp 22 / 32
Exp 23 / 32
Exp 24 / 32
Exp 25 / 32
Exp 26 / 32
Exp 27 / 32
Exp 28 / 32
Exp 29 / 32
Exp 30 / 32
Exp 31 / 32
Exp 32 / 32
ratio = 1.1
Exp 2 / 32
Exp 3 / 32
Exp 4 / 32
Exp 5 / 32
Exp 6 / 32
Exp 1 / 32
Exp 7 / 32
Exp 8 / 32
Exp 9 / 32
Exp 10 / 32
Exp 11 / 32
Exp 13 / 32
Exp 12 / 32
Exp 16 / 32
Exp 15 / 32
Exp 14 / 32
Exp 17 / 32
Exp 18 / 32
Exp 19 / 32
Exp 20 / 32
Exp 21 / 32
Exp 22 / 32
Exp 23 / 32
Exp 24 / 32
Exp 25 / 32
Exp 26 / 32
Exp 27 / 32
Exp 28 / 32
Exp 29 / 32
Exp 30 / 32
Exp 31 / 32
Exp 32 / 32
ratio = 1.2000000000000002
Exp 1 / 32
Exp 2 / 32
Exp 3 / 32
Exp 4 / 32
Exp 5 / 32
Exp 6 / 32
Exp 7 / 32
Exp 8 / 32
Exp 9 / 32
Exp 10 / 32
Exp 11 / 32
Exp 14 / 32
Exp 13 / 32
Exp 15 / 32
Exp 12 / 32
Exp 16 / 32
Exp 17 / 32
Exp 18 / 32
Exp 19 / 32
Exp 20 / 32
Exp 21 / 32
Exp 22 / 32
Exp 23 / 32
Exp 24 / 32
Exp 25 / 32
Exp 26 / 32
Exp 27 / 32
Exp 28 / 32
Exp 29 / 32
Exp 30 / 32
Exp 31 / 32
Exp 32 / 32
ratio = 1.3000000000000003
Exp 1 / 32
Exp 2 / 32
Exp 3 / 32
Exp 4 / 32
Exp 5 / 32
Exp 6 / 32
Exp 8 / 32
Exp 9 / 32
Exp 10 / 32
Exp 11 / 32
Exp 12 / 32
Exp 14 / 32
Exp 7 / 32
Exp 15 / 32
Exp 13 / 32
Exp 16 / 32
Exp 17 / 32
Exp 18 / 32
Exp 19 / 32
Exp 20 / 32
Exp 21 / 32
Exp 22 / 32
Exp 23 / 32
Exp 24 / 32
Exp 25 / 32
Exp 26 / 32
Exp 27 / 32
Exp 28 / 32
Exp 29 / 32
Exp 30 / 32
Exp 31 / 32
Exp 32 / 32
ratio = 1.4000000000000004
Exp 1 / 32
Exp 2 / 32
Exp 3 / 32
Exp 4 / 32
Exp 5 / 32
Exp 6 / 32
Exp 8 / 32
Exp 9 / 32
Exp 10 / 32
Exp 11 / 32
Exp 12 / 32
Exp 14 / 32
Exp 15 / 32
Exp 7 / 32
Exp 13 / 32
Exp 16 / 32
Exp 17 / 32
Exp 18 / 32
Exp 19 / 32
Exp 20 / 32
Exp 21 / 32
Exp 22 / 32
Exp 23 / 32
Exp 24 / 32
Exp 25 / 32
Exp 26 / 32
Exp 27 / 32
Exp 28 / 32
Exp 29 / 32
Exp 30 / 32
Exp 31 / 32
Exp 32 / 32
ratio = 1.5000000000000004
Exp 1 / 32
Exp 2 / 32
Exp 3 / 32
Exp 4 / 32
Exp 5 / 32
Exp 6 / 32
Exp 7 / 32
Exp 8 / 32
Exp 9 / 32
Exp 10 / 32
Exp 11 / 32
Exp 13 / 32
Exp 14 / 32
Exp 12 / 32
Exp 16 / 32
Exp 15 / 32
Exp 17 / 32
Exp 18 / 32
Exp 19 / 32
Exp 20 / 32
Rql6 execMaxKSCC: 42025363
Exp 21 / 32
ivsC execMaxKSCC: 46068831
Exp 22 / 32
c8pF execMaxKSCC: 48146528
Exp 23 / 32
VgTr execMaxKSCC: 50824710
Exp 24 / 32
unZP execMaxKSCC: 53569357
Exp 25 / 32
BPcY execMaxKSCC: 62051820
Exp 26 / 32
onCD execMaxKSCC: 62187461
Exp 27 / 32
z3B3 execMaxKSCC: 63026067
Exp 28 / 32
Lhl5 execMaxKSCC: 63658435
Exp 29 / 32
EHj4 execMaxKSCC: 65236244
Exp 30 / 32
mDaH execMaxKSCC: 65247620
Exp 31 / 32
fvIJ execMaxKSCC: 65262350
Exp 32 / 32
yc0g execMaxKSCC: 74263462
oVG4 execMaxKSCC: 76197839
mSji execMaxKSCC: 76316196
kJk4 execMaxKSCC: 80342108
IhEb execMaxKSCC: 46870493
8Urs execMaxKSCC: 53367548
fUHR execMaxKSCC: 52328774
6q5c execMaxKSCC: 45925030
b82x execMaxKSCC: 46830346
AGot execMaxKSCC: 73250993
Sw9O execMaxKSCC: 67696492
8RWm execMaxKSCC: 55722804
pjeR execMaxKSCC: 61854849
Fd2l execMaxKSCC: 62842027
xGdA execMaxKSCC: 68575452
oCQI execMaxKSCC: 70616699
ratio = 1.6000000000000005
Exp 1 / 32
Exp 2 / 32
Exp 3 / 32
Exp 4 / 32
Exp 5 / 32
Exp 6 / 32
Exp 7 / 32
Exp 8 / 32
Exp 9 / 32
Exp 10 / 32
Exp 11 / 32
Exp 12 / 32
Exp 14 / 32
Exp 15 / 32
Exp 13 / 32
Exp 16 / 32
n9A4 execMaxKSCC: 72621773
Exp 17 / 32
OIt1 execMaxKSCC: 76611308
Exp 18 / 32
j7XD execMaxKSCC: 76954698
Exp 19 / 32
tH9C execMaxKSCC: 80774550
Exp 20 / 32
ezT6 execMaxKSCC: 80908432
Exp 21 / 32
ULYR execMaxKSCC: 82434146
Exp 22 / 32
DBbE execMaxKSCC: 82916338
Exp 23 / 32
bL92 execMaxKSCC: 83437475
Exp 24 / 32
GaFZ execMaxKSCC: 84387740
Exp 25 / 32
luO9 execMaxKSCC: 84673489
Exp 26 / 32
1q90 execMaxKSCC: 85115512
Exp 27 / 32
YCfw execMaxKSCC: 85506517
Exp 28 / 32
usBw execMaxKSCC: 87092826
Exp 29 / 32
8cip execMaxKSCC: 87101602
Exp 30 / 32
HUZ6 execMaxKSCC: 87736142
Exp 31 / 32
uYYY execMaxKSCC: 89162696
Exp 32 / 32
ugtz execMaxKSCC: 68036851
VNxt execMaxKSCC: 59608170
HyLd execMaxKSCC: 61271105
i1Zx execMaxKSCC: 66428540
KD7r execMaxKSCC: 69792667
tqmx execMaxKSCC: 77330867
l7z7 execMaxKSCC: 73094025
TPeJ execMaxKSCC: 77900337
Grao execMaxKSCC: 69580234
yvfv execMaxKSCC: 72811342
j15j execMaxKSCC: 75575460
rj12 execMaxKSCC: 73132858
6LSn execMaxKSCC: 76346428
7iMd execMaxKSCC: 76529241
zJgt execMaxKSCC: 79781225
oy6x execMaxKSCC: 80742763
ratio = 1.0
Exp 1 / 32
Exp 2 / 32
Exp 3 / 32
Exp 4 / 32
Exp 5 / 32
Exp 6 / 32
Exp 7 / 32
Exp 8 / 32
Exp 10 / 32
Exp 9 / 32
Exp 12 / 32
Exp 11 / 32
Exp 13 / 32
Exp 14 / 32
Exp 15 / 32
Exp 16 / 32
Exp 17 / 32
Exp 18 / 32
Exp 19 / 32
Exp 20 / 32
Exp 21 / 32
Exp 22 / 32
Exp 23 / 32
Exp 24 / 32
Exp 25 / 32
Exp 26 / 32
Exp 27 / 32
Exp 28 / 32
Exp 29 / 32
Exp 30 / 32
Exp 31 / 32
Exp 32 / 32
ratio = 1.1
Exp 1 / 32
Exp 3 / 32
Exp 4 / 32
Exp 6 / 32
Exp 7 / 32
Exp 8 / 32
Exp 9 / 32
Exp 10 / 32
Exp 11 / 32
Exp 12 / 32
Exp 13 / 32
Exp 14 / 32
Exp 5 / 32
Exp 2 / 32
Exp 15 / 32
Exp 16 / 32
Exp 17 / 32
Exp 18 / 32
Exp 19 / 32
Exp 20 / 32
Exp 21 / 32
Exp 22 / 32
Exp 23 / 32
Exp 24 / 32
Exp 25 / 32
Exp 26 / 32
Exp 27 / 32
Exp 28 / 32
Exp 29 / 32
Exp 30 / 32
Exp 31 / 32
Exp 32 / 32
ratio = 1.2000000000000002
Exp 1 / 32
Exp 2 / 32
Exp 3 / 32
Exp 4 / 32
Exp 5 / 32
Exp 6 / 32
Exp 7 / 32
Exp 8 / 32
Exp 9 / 32
Exp 10 / 32
Exp 11 / 32
Exp 13 / 32
Exp 14 / 32
Exp 16 / 32
Exp 12 / 32
Exp 15 / 32
Exp 17 / 32
Exp 18 / 32
Exp 19 / 32
Exp 20 / 32
Exp 21 / 32
Exp 22 / 32
Exp 23 / 32
Exp 24 / 32
Exp 25 / 32
Exp 26 / 32
Exp 27 / 32
Exp 28 / 32
Exp 29 / 32
Exp 30 / 32
Exp 31 / 32
Exp 32 / 32
ratio = 1.3000000000000003
Exp 1 / 32
Exp 2 / 32
Exp 3 / 32
Exp 4 / 32
Exp 6 / 32
Exp 8 / 32
Exp 9 / 32
Exp 12 / 32
Exp 14 / 32
Exp 7 / 32
Exp 16 / 32
Exp 5 / 32
Exp 15 / 32
Exp 13 / 32
Exp 11 / 32
Exp 10 / 32
Exp 17 / 32
Exp 18 / 32
Exp 19 / 32
Exp 20 / 32
Exp 21 / 32
Exp 22 / 32
Exp 23 / 32
Exp 24 / 32
Exp 25 / 32
Exp 26 / 32
Exp 27 / 32
Exp 28 / 32
Exp 29 / 32
Exp 30 / 32
Exp 31 / 32
Exp 32 / 32
