Error: Unable to access jarfile Algorithm-assembly-er-deg6
generation success
generation success
generation success
generation success
generation success
generation success
generation success
generation success
generation success
generation success
generation success
generation success
generation success
generation success
generation success
generation success
generation success
generation success
generation success
generation success
generation success
generation success
generation success
generation success
generation success
generation success
generation success
generation success
generation success
generation success
generation success
generation success
generation success
generation success
generation success
generation success
generation success
generation success
generation success
generation success
generation success
generation success
generation success
generation success
generation success
generation success
generation success
generation success
generation success
generation success
generation success
generation success
generation success
generation success
generation success
generation success
generation success
generation success
generation success
generation success
Exception in thread "main" java.util.concurrent.ExecutionException: java.lang.IllegalArgumentException: java.lang.IllegalArgumentException: bound must be positive
	at java.util.concurrent.ForkJoinTask.get(ForkJoinTask.java:1006)
	at digraph.ExecMain6$.$anonfun$new$6(ExecMain6.scala:103)
	at scala.collection.immutable.List.map(List.scala:276)
	at digraph.ExecMain6$.$anonfun$new$4(ExecMain6.scala:102)
	at scala.runtime.java8.JFunction1$mcVI$sp.apply(JFunction1$mcVI$sp.java:12)
	at scala.collection.immutable.List.foreach(List.scala:378)
	at digraph.ExecMain6$.$anonfun$new$2(ExecMain6.scala:25)
	at scala.runtime.java8.JFunction1$mcVI$sp.apply(JFunction1$mcVI$sp.java:12)
	at scala.collection.immutable.List.foreach(List.scala:378)
	at digraph.ExecMain6$.$anonfun$new$1(ExecMain6.scala:24)
	at scala.collection.immutable.Range.foreach$mVc$sp(Range.scala:156)
	at digraph.ExecMain6$.delayedEndpoint$digraph$ExecMain6$1(ExecMain6.scala:14)
	at digraph.ExecMain6$delayedInit$body.apply(ExecMain6.scala:9)
	at scala.Function0.apply$mcV$sp(Function0.scala:34)
	at scala.Function0.apply$mcV$sp$(Function0.scala:34)
	at scala.runtime.AbstractFunction0.apply$mcV$sp(AbstractFunction0.scala:12)
	at scala.App.$anonfun$main$1$adapted(App.scala:76)
	at scala.collection.immutable.List.foreach(List.scala:378)
	at scala.App.main(App.scala:76)
	at scala.App.main$(App.scala:74)
	at digraph.ExecMain6$.main(ExecMain6.scala:9)
	at digraph.ExecMain6.main(ExecMain6.scala)
Caused by: java.lang.IllegalArgumentException: java.lang.IllegalArgumentException: bound must be positive
	at sun.reflect.NativeConstructorAccessorImpl.newInstance0(Native Method)
	at sun.reflect.NativeConstructorAccessorImpl.newInstance(NativeConstructorAccessorImpl.java:62)
	at sun.reflect.DelegatingConstructorAccessorImpl.newInstance(DelegatingConstructorAccessorImpl.java:45)
	at java.lang.reflect.Constructor.newInstance(Constructor.java:423)
	at java.util.concurrent.ForkJoinTask.getThrowableException(ForkJoinTask.java:593)
	at java.util.concurrent.ForkJoinTask.get(ForkJoinTask.java:1005)
	... 21 more
Caused by: java.lang.IllegalArgumentException: bound must be positive
	at java.util.Random.nextInt(Random.java:388)
	at scala.util.Random.nextInt(Random.scala:66)
	at util.Utils$.prob(Utils.scala:27)
	at Enumerating.DiGraph$.constInOutDeg(DiGraph.scala:567)
	at digraph.ExecMain6$$anon$1.call(ExecMain6.scala:76)
	at digraph.ExecMain6$$anon$1.call(ExecMain6.scala:73)
	at java.util.concurrent.ForkJoinTask$AdaptedCallable.exec(ForkJoinTask.java:1424)
	at java.util.concurrent.ForkJoinTask.doExec(ForkJoinTask.java:289)
	at java.util.concurrent.ForkJoinPool$WorkQueue.runTask(ForkJoinPool.java:1056)
	at java.util.concurrent.ForkJoinPool.runWorker(ForkJoinPool.java:1692)
	at java.util.concurrent.ForkJoinWorkerThread.run(ForkJoinWorkerThread.java:157)
