Exception in thread "main" java.util.concurrent.ExecutionException: java.lang.OutOfMemoryError
	at java.util.concurrent.ForkJoinTask.get(ForkJoinTask.java:1006)
	at digraph.ExecMain8$.$anonfun$new$5(ExecMain8.scala:56)
	at digraph.ExecMain8$.$anonfun$new$5$adapted(ExecMain8.scala:55)
	at scala.collection.immutable.List.map(List.scala:276)
	at digraph.ExecMain8$.$anonfun$new$3(ExecMain8.scala:55)
	at scala.collection.immutable.Range.foreach$mVc$sp(Range.scala:156)
	at digraph.ExecMain8$.$anonfun$new$2(ExecMain8.scala:32)
	at scala.runtime.java8.JFunction1$mcVI$sp.apply(JFunction1$mcVI$sp.java:12)
	at scala.collection.immutable.List.foreach(List.scala:378)
	at digraph.ExecMain8$.$anonfun$new$1(ExecMain8.scala:18)
	at scala.collection.immutable.Range.foreach$mVc$sp(Range.scala:156)
	at digraph.ExecMain8$.delayedEndpoint$digraph$ExecMain8$1(ExecMain8.scala:17)
	at digraph.ExecMain8$delayedInit$body.apply(ExecMain8.scala:11)
	at scala.Function0.apply$mcV$sp(Function0.scala:34)
	at scala.Function0.apply$mcV$sp$(Function0.scala:34)
	at scala.runtime.AbstractFunction0.apply$mcV$sp(AbstractFunction0.scala:12)
	at scala.App.$anonfun$main$1$adapted(App.scala:76)
	at scala.collection.immutable.List.foreach(List.scala:378)
	at scala.App.main(App.scala:76)
	at scala.App.main$(App.scala:74)
	at digraph.ExecMain8$.main(ExecMain8.scala:11)
	at digraph.ExecMain8.main(ExecMain8.scala)
Caused by: java.lang.OutOfMemoryError
	at sun.reflect.NativeConstructorAccessorImpl.newInstance0(Native Method)
	at sun.reflect.NativeConstructorAccessorImpl.newInstance(NativeConstructorAccessorImpl.java:62)
	at sun.reflect.DelegatingConstructorAccessorImpl.newInstance(DelegatingConstructorAccessorImpl.java:45)
	at java.lang.reflect.Constructor.newInstance(Constructor.java:423)
	at java.util.concurrent.ForkJoinTask.getThrowableException(ForkJoinTask.java:598)
	at java.util.concurrent.ForkJoinTask.get(ForkJoinTask.java:1005)
	... 21 more
Caused by: java.lang.OutOfMemoryError: Java heap space
	at scala.collection.mutable.ListBuffer.$plus$eq(ListBuffer.scala:173)
	at scala.collection.mutable.ListBuffer.$plus$eq(ListBuffer.scala:44)
	at scala.collection.generic.Growable.loop$1(Growable.scala:53)
	at scala.collection.generic.Growable.$plus$plus$eq(Growable.scala:58)
	at scala.collection.generic.Growable.$plus$plus$eq$(Growable.scala:50)
	at scala.collection.mutable.ListBuffer.$plus$plus$eq(ListBuffer.scala:182)
	at scala.collection.mutable.ListBuffer.$plus$plus$eq(ListBuffer.scala:44)
	at scala.collection.SeqLike.$colon$plus(SeqLike.scala:556)
	at scala.collection.SeqLike.$colon$plus$(SeqLike.scala:554)
	at scala.collection.AbstractSeq.$colon$plus(Seq.scala:41)
	at Enumerating.DiGraphMap$.$anonfun$constInDegree$4(DiGraph.scala:804)
	at Enumerating.DiGraphMap$$$Lambda$52/1265551554.apply$mcVI$sp(Unknown Source)
	at scala.collection.immutable.Range.foreach$mVc$sp(Range.scala:156)
	at Enumerating.DiGraphMap$.$anonfun$constInDegree$3(DiGraph.scala:797)
	at Enumerating.DiGraphMap$$$Lambda$44/2120904456.apply$mcVI$sp(Unknown Source)
	at scala.collection.immutable.Range.foreach$mVc$sp(Range.scala:156)
	at Enumerating.DiGraphMap$.constInDegree(DiGraph.scala:794)
	at digraph.ExecMain8$$anon$1.call(ExecMain8.scala:48)
	at digraph.ExecMain8$$anon$1.call(ExecMain8.scala:45)
	at java.util.concurrent.ForkJoinTask$AdaptedCallable.exec(ForkJoinTask.java:1424)
	at java.util.concurrent.ForkJoinTask.doExec(ForkJoinTask.java:289)
	at java.util.concurrent.ForkJoinPool$WorkQueue.runTask(ForkJoinPool.java:1056)
	at java.util.concurrent.ForkJoinPool.runWorker(ForkJoinPool.java:1692)
	at java.util.concurrent.ForkJoinWorkerThread.run(ForkJoinWorkerThread.java:157)
